<?xml version='1.0' encoding='UTF-8'?>
<testsuite hostname="SCI1019102" name="com.github.tizuck.adt.integration.InterfaceAutomatonSpec" tests="1" errors="1" failures="0" skipped="0" time="-0.001" timestamp="2022-11-15T15:05:37">
          <properties>
      <property name="jline.esc.timeout" value="0"/><property name="java.runtime.name" value="Java(TM) SE Runtime Environment"/><property name="sun.boot.library.path" value="C:\Program Files (x86)\Java\jre1.8.0_351\bin"/><property name="java.vm.version" value="25.351-b10"/><property name="user.country.format" value="DK"/><property name="java.vm.vendor" value="Oracle Corporation"/><property name="java.vendor.url" value="http://java.oracle.com/"/><property name="path.separator" value=";"/><property name="jna.loaded" value="true"/><property name="java.vm.name" value="Java HotSpot(TM) Client VM"/><property name="file.encoding.pkg" value="sun.io"/><property name="user.country" value="US"/><property name="user.script" value=""/><property name="sun.java.launcher" value="SUN_STANDARD"/><property name="sun.os.patch.level" value=""/><property name="jna.nosys" value="true"/><property name="java.vm.specification.name" value="Java Virtual Machine Specification"/><property name="user.dir" value="C:\Users\dbs476\Documents\Repos\scala-jgspec-dot"/><property name="java.runtime.version" value="1.8.0_351-b10"/><property name="java.awt.graphicsenv" value="sun.awt.Win32GraphicsEnvironment"/><property name="java.endorsed.dirs" value="C:\Program Files (x86)\Java\jre1.8.0_351\lib\endorsed"/><property name="os.arch" value="x86"/><property name="java.io.tmpdir" value="C:\Users\dbs476\AppData\Local\Temp\"/><property name="line.separator" value="
"/><property name="java.vm.specification.vendor" value="Oracle Corporation"/><property name="log4j.ignoreTCL" value="true"/><property name="user.variant" value=""/><property name="os.name" value="Windows 10"/><property name="sun.jnu.encoding" value="Cp1252"/><property name="jnidispatch.path" value="C:\Users\dbs476\AppData\Local\Temp\jna--1338069442\jna187004714909302975.dll"/><property name="java.library.path" value="C:\Program Files (x86)\Common Files\Oracle\Java\javapath;C:\WINDOWS\Sun\Java\bin;C:\WINDOWS\system32;C:\WINDOWS;C:\Program Files (x86)\Common Files\Oracle\Java\javapath;C:\WINDOWS\system32;C:\WINDOWS;C:\WINDOWS\System32\Wbem;C:\WINDOWS\System32\WindowsPowerShell\v1.0\;C:\WINDOWS\System32\OpenSSH\;C:\Program Files\Git\cmd;C:\Program Files\Microsoft SQL Server\150\Tools\Binn\;C:\Program Files\Microsoft SQL Server\Client SDK\ODBC\170\Tools\Binn\;C:\Program Files\dotnet\;C:\Program Files\Docker\Docker\resources\bin;C:\Program Files\nodejs\;C:\Program Files (x86)\sbt\bin;C:\Users\dbs476\AppData\Local\Microsoft\WindowsApps;C:\Users\dbs476\AppData\Local\atom\bin;C:\Users\dbs476\AppData\Local\Programs\MiKTeX\miktex\bin\x64\;C:\Users\dbs476/dapr;C:\Users\dbs476\.dapr\bin;C:\Users\dbs476\.dapr\bin;C:\Users\dbs476\AppData\Local\Programs\Git\cmd;C:\Users\dbs476\jdk-11\bin;C:\Users\dbs476\apache-maven-3.8.5\bin;;C:\Program Files\JetBrains\IntelliJ IDEA 2021.3.3\bin;;C:\ghcup\bin;C:\Users\dbs476\AppData\Local\Programs\Microsoft VS Code\bin;C:\Users\dbs476\.dotnet\tools;C:\Users\dbs476\AppData\Roaming\npm;C:\Program Files\Graphviz\bin;."/><property name="java.specification.name" value="Java Platform API Specification"/><property name="java.class.version" value="52.0"/><property name="sbt.ipcsocket.tmpdir" value="C:\Users\dbs476\AppData\Local\Temp\.sbtbeb8c706\ipcsocket"/><property name="sun.management.compiler" value="HotSpot Client Compiler"/><property name="os.version" value="10.0"/><property name="swoval.tmpdir" value="C:\Users\dbs476\AppData\Local\Temp\.sbtbeb8c706\swoval"/><property name="user.home" value="C:\Users\dbs476"/><property name="user.timezone" value="Europe/Paris"/><property name="java.awt.printerjob" value="sun.awt.windows.WPrinterJob"/><property name="file.encoding" value="UTF-8"/><property name="java.specification.version" value="1.8"/><property name="java.class.path" value="C:\Program Files (x86)\sbt\\bin\sbt-launch.jar"/><property name="user.name" value="dbs476"/><property name="jline.shutdownhook" value="false"/><property name="java.vm.specification.version" value="1.8"/><property name="sun.java.command" value="xsbt.boot.Boot test"/><property name="java.home" value="C:\Program Files (x86)\Java\jre1.8.0_351"/><property name="sun.arch.data.model" value="32"/><property name="user.language" value="en"/><property name="java.specification.vendor" value="Oracle Corporation"/><property name="user.language.format" value="da"/><property name="awt.toolkit" value="sun.awt.windows.WToolkit"/><property name="java.vm.info" value="mixed mode"/><property name="java.version" value="1.8.0_351"/><property name="java.ext.dirs" value="C:\Program Files (x86)\Java\jre1.8.0_351\lib\ext;C:\WINDOWS\Sun\Java\lib\ext"/><property name="sun.boot.class.path" value="C:\Program Files (x86)\Java\jre1.8.0_351\lib\resources.jar;C:\Program Files (x86)\Java\jre1.8.0_351\lib\rt.jar;C:\Program Files (x86)\Java\jre1.8.0_351\lib\jsse.jar;C:\Program Files (x86)\Java\jre1.8.0_351\lib\jce.jar;C:\Program Files (x86)\Java\jre1.8.0_351\lib\charsets.jar;C:\Program Files (x86)\Java\jre1.8.0_351\lib\jfr.jar;C:\Program Files (x86)\Java\jre1.8.0_351\classes"/><property name="java.vendor" value="Oracle Corporation"/><property name="sun.stderr.encoding" value="cp437"/><property name="java.specification.maintenance.version" value="4"/><property name="file.separator" value="\"/><property name="java.vendor.url.bug" value="http://bugreport.sun.com/bugreport/"/><property name="sun.io.unicode.encoding" value="UnicodeLittle"/><property name="sun.cpu.endian" value="little"/><property name="sun.stdout.encoding" value="cp437"/><property name="sun.desktop" value="windows"/><property name="sun.cpu.isalist" value="pentium_pro+mmx pentium_pro pentium+mmx pentium i486 i386 i86"/>
    </properties>
          <testcase classname="com.github.tizuck.adt.integration.InterfaceAutomatonSpec" name="" time="-0.001">
                      <error message="Assertion should be put inside def, not object." type="org.scalatest.exceptions.NotAllowedException">org.scalatest.exceptions.NotAllowedException: Assertion should be put inside def, not object.
	at org.scalatest.refspec.RefSpecLike.$anonfun$ensureScopesAndTestsRegistered$5(RefSpecLike.scala:125)
	at scala.collection.ArrayOps$.foreach$extension(ArrayOps.scala:1321)
	at org.scalatest.refspec.RefSpecLike.register$1(RefSpecLike.scala:105)
	at org.scalatest.refspec.RefSpecLike.ensureScopesAndTestsRegistered(RefSpecLike.scala:164)
	at org.scalatest.refspec.RefSpecLike.testNames(RefSpecLike.scala:251)
	at org.scalatest.refspec.RefSpecLike.testNames$(RefSpecLike.scala:250)
	at org.scalatest.refspec.RefSpec.testNames(RefSpec.scala:1332)
	at org.scalatest.Suite$.formatterForSuiteStarting(Suite.scala:1399)
	at org.scalatest.tools.Framework.org$scalatest$tools$Framework$$runSuite(Framework.scala:263)
	at org.scalatest.tools.Framework$ScalaTestTask.execute(Framework.scala:517)
	at sbt.TestRunner.runTest$1(TestFramework.scala:146)
	at sbt.TestRunner.run(TestFramework.scala:161)
	at sbt.TestFramework$$anon$3$$anonfun$$lessinit$greater$1.$anonfun$apply$1(TestFramework.scala:329)
	at sbt.TestFramework$.sbt$TestFramework$$withContextLoader(TestFramework.scala:289)
	at sbt.TestFramework$$anon$3$$anonfun$$lessinit$greater$1.apply(TestFramework.scala:329)
	at sbt.TestFramework$$anon$3$$anonfun$$lessinit$greater$1.apply(TestFramework.scala:329)
	at sbt.TestFunction.apply(TestFramework.scala:341)
	at sbt.Tests$.$anonfun$toTask$1(Tests.scala:435)
	at sbt.std.Transform$$anon$3.$anonfun$apply$2(Transform.scala:46)
	at sbt.std.Transform$$anon$4.work(Transform.scala:68)
	at sbt.Execute.$anonfun$submit$2(Execute.scala:282)
	at sbt.internal.util.ErrorHandling$.wideConvert(ErrorHandling.scala:23)
	at sbt.Execute.work(Execute.scala:291)
	at sbt.Execute.$anonfun$submit$1(Execute.scala:282)
	at sbt.ConcurrentRestrictions$$anon$4.$anonfun$submitValid$1(ConcurrentRestrictions.scala:265)
	at sbt.CompletionService$$anon$2.call(CompletionService.scala:64)
	at java.util.concurrent.FutureTask.run(Unknown Source)
	at java.util.concurrent.Executors$RunnableAdapter.call(Unknown Source)
	at java.util.concurrent.FutureTask.run(Unknown Source)
	at java.util.concurrent.ThreadPoolExecutor.runWorker(Unknown Source)
	at java.util.concurrent.ThreadPoolExecutor$Worker.run(Unknown Source)
	at java.lang.Thread.run(Unknown Source)
Caused by: org.scalatest.exceptions.TestFailedException: &quot;...sscom.github.tizuck.[Main$ReadVar$&lt;/td&gt;&lt;/tr&gt;&lt;tr&gt;&lt;td&gt;ia-name&lt;/td&gt;&lt;td&gt;read;&lt;/td&gt;&lt;/tr&gt;&lt;tr&gt;&lt;td&gt;variable&lt;/td&gt;&lt;td&gt;(c,0,0)&lt;/td&gt;&lt;/tr&gt;&lt;tr&gt;&lt;td&gt;keyValStore-ID&lt;/td&gt;&lt;td&gt;0&lt;/td&gt;&lt;/tr&gt;&lt;tr&gt;&lt;td&gt;result-var&lt;/td&gt;&lt;td&gt;res,sId:0,tId:0&lt;/td&gt;&lt;/tr&gt;&lt;tr&gt;&lt;td&gt;op-ctx&lt;/td&gt;&lt;td&gt;0,0&lt;/td&gt;&lt;/tr&gt;&lt;/table&gt;&gt;]q0-&gt;q1[label=&lt;&lt;table&gt;&lt;tr&gt;&lt;td&gt;type&lt;/td&gt;&lt;td&gt;ReceiveEventId&lt;/td&gt;&lt;/tr&gt;&lt;tr&gt;&lt;td&gt;ia-name&lt;/td&gt;&lt;td&gt;req?&lt;/td&gt;&lt;/tr&gt;&lt;tr&gt;&lt;td&gt;variable&lt;/td&gt;&lt;td&gt;(c,0,0)&lt;/td&gt;&lt;/tr&gt;&lt;tr&gt;&lt;td&gt;op-ctx&lt;/td&gt;&lt;td&gt;0,0&lt;/td&gt;&lt;/tr&gt;&lt;/table&gt;&gt;]q2-&gt;q0[label=&lt;&lt;table&gt;&lt;tr&gt;&lt;td&gt;type&lt;/td&gt;&lt;td&gt;classcom.github.tizuck.Main$EventSendVarId$&lt;/td&gt;&lt;/tr&gt;&lt;tr&gt;&lt;td&gt;ia-name&lt;/td&gt;&lt;td&gt;snd?&lt;/td&gt;&lt;/tr&gt;&lt;tr&gt;&lt;td&gt;lookup-var&lt;/td&gt;&lt;td&gt;ressId:0tId:]0&lt;/td&gt;&lt;/tr&gt;&lt;tr&gt;&lt;td&gt;o...&quot; did not equal &quot;...sscom.github.tizuck.[adt.integration.InterfaceAutomatonSpec$testing$u0020the$u0020parsing$u0020and$u0020dot$u0020representation$u0020of$u0020an$u0020interface$u0020automaton$ast$ReadVar$&lt;/td&gt;&lt;/tr&gt;&lt;tr&gt;&lt;td&gt;ia-name&lt;/td&gt;&lt;td&gt;read;&lt;/td&gt;&lt;/tr&gt;&lt;tr&gt;&lt;td&gt;variable&lt;/td&gt;&lt;td&gt;(c,0,0&lt;/td&gt;&lt;/tr&gt;&lt;tr&gt;&lt;td&gt;keyValStore-ID&lt;/td&gt;&lt;td&gt;0&lt;/td&gt;&lt;/tr&gt;&lt;tr&gt;&lt;td&gt;result-var&lt;/td&gt;&lt;td&gt;(res,0,0&lt;/td&gt;&lt;/tr&gt;&lt;tr&gt;&lt;td&gt;op-ctx&lt;/td&gt;&lt;td&gt;0,0&lt;/td&gt;&lt;/tr&gt;&lt;/table&gt;&gt;]q2-&gt;q0[label=&lt;&lt;table&gt;&lt;tr&gt;&lt;td&gt;type&lt;/td&gt;&lt;td&gt;classcom.github.tizuck.adt.integration.InterfaceAutomatonSpec$testing$u0020the$u0020parsing$u0020and$u0020dot$u0020representation$u0020of$u0020an$u0020interface$u0020automaton$ast$EventSendVarId$&lt;/td&gt;&lt;/tr&gt;&lt;tr&gt;&lt;td&gt;ia-name&lt;/td&gt;&lt;td&gt;snd!&lt;/td&gt;&lt;/tr&gt;&lt;tr&gt;&lt;td&gt;lookup-var&lt;/td&gt;&lt;td&gt;(res,0,0&lt;/td&gt;&lt;/tr&gt;&lt;tr&gt;&lt;td&gt;op-ctx&lt;/td&gt;&lt;td&gt;0,0&lt;/td&gt;&lt;/tr&gt;&lt;/table&gt;&gt;]q0-&gt;q1[label=&lt;&lt;table&gt;&lt;tr&gt;&lt;td&gt;type&lt;/td&gt;&lt;td&gt;ReceiveEventId&lt;/td&gt;&lt;/tr&gt;&lt;tr&gt;&lt;td&gt;ia-name&lt;/td&gt;&lt;td&gt;req?&lt;/td&gt;&lt;/tr&gt;&lt;tr&gt;&lt;td&gt;variable&lt;/td&gt;&lt;td&gt;(c,0,]0&lt;/td&gt;&lt;/tr&gt;&lt;tr&gt;&lt;td&gt;o...&quot;
	at org.scalatest.matchers.MatchersHelper$.indicateFailure(MatchersHelper.scala:397)
	at org.scalatest.matchers.should.Matchers$ShouldMethodHelperClass.shouldMatcher(Matchers.scala:7299)
	at org.scalatest.matchers.should.Matchers$AnyShouldWrapper.should(Matchers.scala:7362)
	at com.github.tizuck.adt.integration.InterfaceAutomatonSpec$testing$u0020the$u0020parsing$u0020and$u0020dot$u0020representation$u0020of$u0020an$u0020interface$u0020automaton$.$anonfun$new$3(InterfaceAutomatonSpec.scala:222)
	at scala.util.Either.map(Either.scala:382)
	at com.github.tizuck.adt.integration.InterfaceAutomatonSpec$testing$u0020the$u0020parsing$u0020and$u0020dot$u0020representation$u0020of$u0020an$u0020interface$u0020automaton$.$anonfun$new$1(InterfaceAutomatonSpec.scala:147)
	at scala.util.Either.map(Either.scala:382)
	at com.github.tizuck.adt.integration.InterfaceAutomatonSpec$testing$u0020the$u0020parsing$u0020and$u0020dot$u0020representation$u0020of$u0020an$u0020interface$u0020automaton$.&lt;init&gt;(InterfaceAutomatonSpec.scala:139)
	at com.github.tizuck.adt.integration.InterfaceAutomatonSpec.testing$u0020the$u0020parsing$u0020and$u0020dot$u0020representation$u0020of$u0020an$u0020interface$u0020automaton$lzycompute$1(InterfaceAutomatonSpec.scala:19)
	at com.github.tizuck.adt.integration.InterfaceAutomatonSpec.testing$u0020the$u0020parsing$u0020and$u0020dot$u0020representation$u0020of$u0020an$u0020interface$u0020automaton(InterfaceAutomatonSpec.scala:19)
	at sun.reflect.NativeMethodAccessorImpl.invoke0(Native Method)
	at sun.reflect.NativeMethodAccessorImpl.invoke(Unknown Source)
	at sun.reflect.DelegatingMethodAccessorImpl.invoke(Unknown Source)
	at java.lang.reflect.Method.invoke(Unknown Source)
	at org.scalatest.refspec.RefSpecLike.scopeFun$1(RefSpecLike.scala:112)
	at org.scalatest.refspec.RefSpecLike.$anonfun$ensureScopesAndTestsRegistered$6(RefSpecLike.scala:122)
	at org.scalatest.SuperEngine.registerNestedBranch(Engine.scala:609)
	at org.scalatest.refspec.RefSpecLike.$anonfun$ensureScopesAndTestsRegistered$5(RefSpecLike.scala:122)
	... 31 more
</error>
                    </testcase>
          <system-out><![CDATA[]]></system-out>
          <system-err><![CDATA[]]></system-err>
        </testsuite>