<?xml version='1.0' encoding='UTF-8'?>
<testsuite hostname="DESKTOP-2BN2AKN" name="com.github.tizuck.adt.integration.JsonParserToADTSpec" tests="5" errors="0" failures="0" skipped="0" time="0.523" timestamp="2022-11-19T12:14:12">
          <properties>
[...]
</properties>
          <testcase classname="com.github.tizuck.adt.integration.JsonParserToADTSpec" name="A Json Parser should parse an empty single graph and the ADT should contain an empty graph" time="0.475">
                      
                    </testcase><testcase classname="com.github.tizuck.adt.integration.JsonParserToADTSpec" name="A Json Parser should parse a single graph with nodes only and the ADT should contain a single graph with the two expected nodes" time="0.01">
                      
                    </testcase><testcase classname="com.github.tizuck.adt.integration.JsonParserToADTSpec" name="A Json Parser should parse a single graph with edges and nodes and the ADT should contain a single graph with expected edges and nodes" time="0.009">
                      
                    </testcase><testcase classname="com.github.tizuck.adt.integration.JsonParserToADTSpec" name="A Json Parser should parse a single graph with hyperedges and the ADT should contain a HyperGraph instance with expected hyperedges and nodes" time="0.013">
                      
                    </testcase><testcase classname="com.github.tizuck.adt.integration.JsonParserToADTSpec" name="A Json Parser should parse a complete example of a single graph and the ADT should be a simple graph" time="0.016">
                      
                    </testcase>
          <system-out><![CDATA[]]></system-out>
          <system-err><![CDATA[]]></system-err>
        </testsuite>