<?xml version='1.0' encoding='UTF-8'?>
<testsuite hostname="SCI1019102" name="com.github.tizuck.adt.integration.InterfaceAutomatonSpec" tests="1" errors="1" failures="0" skipped="0" time="-0.001" timestamp="2022-11-15T15:05:37">
          <properties>
[...]
</properties>
          <testcase classname="com.github.tizuck.adt.integration.InterfaceAutomatonSpec" name="" time="-0.001">
                      <error message="Assertion should be put inside def, not object." type="org.scalatest.exceptions.NotAllowedException">org.scalatest.exceptions.NotAllowedException: Assertion should be put inside def, not object.
	at org.scalatest.refspec.RefSpecLike.$anonfun$ensureScopesAndTestsRegistered$5(RefSpecLike.scala:125)
	at scala.collection.ArrayOps$.foreach$extension(ArrayOps.scala:1321)
	at org.scalatest.refspec.RefSpecLike.register$1(RefSpecLike.scala:105)
	at org.scalatest.refspec.RefSpecLike.ensureScopesAndTestsRegistered(RefSpecLike.scala:164)
	at org.scalatest.refspec.RefSpecLike.testNames(RefSpecLike.scala:251)
	at org.scalatest.refspec.RefSpecLike.testNames$(RefSpecLike.scala:250)
	at org.scalatest.refspec.RefSpec.testNames(RefSpec.scala:1332)
	at org.scalatest.Suite$.formatterForSuiteStarting(Suite.scala:1399)
	at org.scalatest.tools.Framework.org$scalatest$tools$Framework$$runSuite(Framework.scala:263)
	at org.scalatest.tools.Framework$ScalaTestTask.execute(Framework.scala:517)
	at sbt.TestRunner.runTest$1(TestFramework.scala:146)
	at sbt.TestRunner.run(TestFramework.scala:161)
	at sbt.TestFramework$$anon$3$$anonfun$$lessinit$greater$1.$anonfun$apply$1(TestFramework.scala:329)
	at sbt.TestFramework$.sbt$TestFramework$$withContextLoader(TestFramework.scala:289)
	at sbt.TestFramework$$anon$3$$anonfun$$lessinit$greater$1.apply(TestFramework.scala:329)
	at sbt.TestFramework$$anon$3$$anonfun$$lessinit$greater$1.apply(TestFramework.scala:329)
	at sbt.TestFunction.apply(TestFramework.scala:341)
	at sbt.Tests$.$anonfun$toTask$1(Tests.scala:435)
	at sbt.std.Transform$$anon$3.$anonfun$apply$2(Transform.scala:46)
	at sbt.std.Transform$$anon$4.work(Transform.scala:68)
	at sbt.Execute.$anonfun$submit$2(Execute.scala:282)
	at sbt.internal.util.ErrorHandling$.wideConvert(ErrorHandling.scala:23)
	at sbt.Execute.work(Execute.scala:291)
	at sbt.Execute.$anonfun$submit$1(Execute.scala:282)
	at sbt.ConcurrentRestrictions$$anon$4.$anonfun$submitValid$1(ConcurrentRestrictions.scala:265)
	at sbt.CompletionService$$anon$2.call(CompletionService.scala:64)
	at java.util.concurrent.FutureTask.run(Unknown Source)
	at java.util.concurrent.Executors$RunnableAdapter.call(Unknown Source)
	at java.util.concurrent.FutureTask.run(Unknown Source)
	at java.util.concurrent.ThreadPoolExecutor.runWorker(Unknown Source)
	at java.util.concurrent.ThreadPoolExecutor$Worker.run(Unknown Source)
	at java.lang.Thread.run(Unknown Source)
Caused by: org.scalatest.exceptions.TestFailedException: &quot;...sscom.github.tizuck.[Main$ReadVar$&lt;/td&gt;&lt;/tr&gt;&lt;tr&gt;&lt;td&gt;ia-name&lt;/td&gt;&lt;td&gt;read;&lt;/td&gt;&lt;/tr&gt;&lt;tr&gt;&lt;td&gt;variable&lt;/td&gt;&lt;td&gt;(c,0,0)&lt;/td&gt;&lt;/tr&gt;&lt;tr&gt;&lt;td&gt;keyValStore-ID&lt;/td&gt;&lt;td&gt;0&lt;/td&gt;&lt;/tr&gt;&lt;tr&gt;&lt;td&gt;result-var&lt;/td&gt;&lt;td&gt;res,sId:0,tId:0&lt;/td&gt;&lt;/tr&gt;&lt;tr&gt;&lt;td&gt;op-ctx&lt;/td&gt;&lt;td&gt;0,0&lt;/td&gt;&lt;/tr&gt;&lt;/table&gt;&gt;]q0-&gt;q1[label=&lt;&lt;table&gt;&lt;tr&gt;&lt;td&gt;type&lt;/td&gt;&lt;td&gt;ReceiveEventId&lt;/td&gt;&lt;/tr&gt;&lt;tr&gt;&lt;td&gt;ia-name&lt;/td&gt;&lt;td&gt;req?&lt;/td&gt;&lt;/tr&gt;&lt;tr&gt;&lt;td&gt;variable&lt;/td&gt;&lt;td&gt;(c,0,0)&lt;/td&gt;&lt;/tr&gt;&lt;tr&gt;&lt;td&gt;op-ctx&lt;/td&gt;&lt;td&gt;0,0&lt;/td&gt;&lt;/tr&gt;&lt;/table&gt;&gt;]q2-&gt;q0[label=&lt;&lt;table&gt;&lt;tr&gt;&lt;td&gt;type&lt;/td&gt;&lt;td&gt;classcom.github.tizuck.Main$EventSendVarId$&lt;/td&gt;&lt;/tr&gt;&lt;tr&gt;&lt;td&gt;ia-name&lt;/td&gt;&lt;td&gt;snd?&lt;/td&gt;&lt;/tr&gt;&lt;tr&gt;&lt;td&gt;lookup-var&lt;/td&gt;&lt;td&gt;ressId:0tId:]0&lt;/td&gt;&lt;/tr&gt;&lt;tr&gt;&lt;td&gt;o...&quot; did not equal &quot;...sscom.github.tizuck.[adt.integration.InterfaceAutomatonSpec$testing$u0020the$u0020parsing$u0020and$u0020dot$u0020representation$u0020of$u0020an$u0020interface$u0020automaton$ast$ReadVar$&lt;/td&gt;&lt;/tr&gt;&lt;tr&gt;&lt;td&gt;ia-name&lt;/td&gt;&lt;td&gt;read;&lt;/td&gt;&lt;/tr&gt;&lt;tr&gt;&lt;td&gt;variable&lt;/td&gt;&lt;td&gt;(c,0,0&lt;/td&gt;&lt;/tr&gt;&lt;tr&gt;&lt;td&gt;keyValStore-ID&lt;/td&gt;&lt;td&gt;0&lt;/td&gt;&lt;/tr&gt;&lt;tr&gt;&lt;td&gt;result-var&lt;/td&gt;&lt;td&gt;(res,0,0&lt;/td&gt;&lt;/tr&gt;&lt;tr&gt;&lt;td&gt;op-ctx&lt;/td&gt;&lt;td&gt;0,0&lt;/td&gt;&lt;/tr&gt;&lt;/table&gt;&gt;]q2-&gt;q0[label=&lt;&lt;table&gt;&lt;tr&gt;&lt;td&gt;type&lt;/td&gt;&lt;td&gt;classcom.github.tizuck.adt.integration.InterfaceAutomatonSpec$testing$u0020the$u0020parsing$u0020and$u0020dot$u0020representation$u0020of$u0020an$u0020interface$u0020automaton$ast$EventSendVarId$&lt;/td&gt;&lt;/tr&gt;&lt;tr&gt;&lt;td&gt;ia-name&lt;/td&gt;&lt;td&gt;snd!&lt;/td&gt;&lt;/tr&gt;&lt;tr&gt;&lt;td&gt;lookup-var&lt;/td&gt;&lt;td&gt;(res,0,0&lt;/td&gt;&lt;/tr&gt;&lt;tr&gt;&lt;td&gt;op-ctx&lt;/td&gt;&lt;td&gt;0,0&lt;/td&gt;&lt;/tr&gt;&lt;/table&gt;&gt;]q0-&gt;q1[label=&lt;&lt;table&gt;&lt;tr&gt;&lt;td&gt;type&lt;/td&gt;&lt;td&gt;ReceiveEventId&lt;/td&gt;&lt;/tr&gt;&lt;tr&gt;&lt;td&gt;ia-name&lt;/td&gt;&lt;td&gt;req?&lt;/td&gt;&lt;/tr&gt;&lt;tr&gt;&lt;td&gt;variable&lt;/td&gt;&lt;td&gt;(c,0,]0&lt;/td&gt;&lt;/tr&gt;&lt;tr&gt;&lt;td&gt;o...&quot;
	at org.scalatest.matchers.MatchersHelper$.indicateFailure(MatchersHelper.scala:397)
	at org.scalatest.matchers.should.Matchers$ShouldMethodHelperClass.shouldMatcher(Matchers.scala:7299)
	at org.scalatest.matchers.should.Matchers$AnyShouldWrapper.should(Matchers.scala:7362)
	at com.github.tizuck.adt.integration.InterfaceAutomatonSpec$testing$u0020the$u0020parsing$u0020and$u0020dot$u0020representation$u0020of$u0020an$u0020interface$u0020automaton$.$anonfun$new$3(InterfaceAutomatonSpec.scala:222)
	at scala.util.Either.map(Either.scala:382)
	at com.github.tizuck.adt.integration.InterfaceAutomatonSpec$testing$u0020the$u0020parsing$u0020and$u0020dot$u0020representation$u0020of$u0020an$u0020interface$u0020automaton$.$anonfun$new$1(InterfaceAutomatonSpec.scala:147)
	at scala.util.Either.map(Either.scala:382)
	at com.github.tizuck.adt.integration.InterfaceAutomatonSpec$testing$u0020the$u0020parsing$u0020and$u0020dot$u0020representation$u0020of$u0020an$u0020interface$u0020automaton$.&lt;init&gt;(InterfaceAutomatonSpec.scala:139)
	at com.github.tizuck.adt.integration.InterfaceAutomatonSpec.testing$u0020the$u0020parsing$u0020and$u0020dot$u0020representation$u0020of$u0020an$u0020interface$u0020automaton$lzycompute$1(InterfaceAutomatonSpec.scala:19)
	at com.github.tizuck.adt.integration.InterfaceAutomatonSpec.testing$u0020the$u0020parsing$u0020and$u0020dot$u0020representation$u0020of$u0020an$u0020interface$u0020automaton(InterfaceAutomatonSpec.scala:19)
	at sun.reflect.NativeMethodAccessorImpl.invoke0(Native Method)
	at sun.reflect.NativeMethodAccessorImpl.invoke(Unknown Source)
	at sun.reflect.DelegatingMethodAccessorImpl.invoke(Unknown Source)
	at java.lang.reflect.Method.invoke(Unknown Source)
	at org.scalatest.refspec.RefSpecLike.scopeFun$1(RefSpecLike.scala:112)
	at org.scalatest.refspec.RefSpecLike.$anonfun$ensureScopesAndTestsRegistered$6(RefSpecLike.scala:122)
	at org.scalatest.SuperEngine.registerNestedBranch(Engine.scala:609)
	at org.scalatest.refspec.RefSpecLike.$anonfun$ensureScopesAndTestsRegistered$5(RefSpecLike.scala:122)
	... 31 more
</error>
                    </testcase>
          <system-out><![CDATA[]]></system-out>
          <system-err><![CDATA[]]></system-err>
        </testsuite>